Created "Mergem inainte ca inainte era mai bine" for Paulina
Created "stream girls night by loossemble" for Tudor
Created "Going to Apollo who s down?" for Haralambie
Created "This bard, sir kendrick of lamar you speak of... he hath slain how many drakes, you say? with but the power of song?" for Iris
Created "Sometimes the silliest things happen and silly little tears begin to fall from my silly little eyes" for Iridenta
Created "This bard, sir kendrick of lamar you speak of... he hath slain how many drakes, you say? with but the power of song?" for Antonie
Created "Luke, eu am plecat dupa lapte acum 20 de ani" for Zoe
Created "https://www.youtube.com/watch?v=wtQGvuuzst0" for Banel
Created "onika when the burgers are in plate" for Lucia
Created "Despite the constant negative press covfefe" for Betina
Created repost #11 for Renata
Created repost #12 for Mihnea
Created repost #13 for Eliza
Created repost #14 for Gabriel
Created repost #15 for Ghita
Created repost #16 for Anastasia
Created repost #17 for Sever
Created repost #18 for Gabriel
Created repost #19 for Teohari
Created repost #20 for Eduard
