Created "erm what the sigma" for Pavel
Created "https://www.youtube.com/watch?v=wtQGvuuzst0" for Milena
Created "https://www.youtube.com/watch?v=wtQGvuuzst0" for Anghel
Created "La placinte la razboi, inainte inapoi" for Beatrice
Created "N ai restanta,n ai prestanta verik!" for Pavel
Created "In o lume plina de mizerie, fii tu mop!" for Visarion
Created "You’re not like us" for Augustina
Created "fantastic!" for Gica
Created "Adrian Elicopter vs Selly. Who wins?" for Lili
Created "Segmentation fault(core dumped)" for Marinela
Created repost #11 for Leana
Created repost #12 for Magdalena
Created repost #13 for Florin
Created repost #14 for Larisa
Created repost #15 for Filofteia
Created repost #16 for Malina
Created repost #17 for Erica
Created repost #18 for Ludovic
Created repost #19 for Sidonia
Created repost #20 for Viorela
