Created "Pamantul este plat!" for Octav
Created "STEAUA27" for Daiana
Created "Ai incercat cu otel galvanizat?" for Tiberiu
Created "Sper sa iau licenta anul asta" for Caius
Created "Mai bine 5cm in fata decat 15 din spate" for Voicu
Created repost #6 for Lica
Created repost #7 for Viorica
Created repost #8 for Claudia
Created repost #9 for Silvana
Created repost #10 for Amza
Created "Segmentation fault(core dumped)" for Vladimir
Created "head so good she honor roll she riding me like carnival" for Luana
Created "CUMPAR TEMA LA MN, VA ROOOG dati mi mesaj in privat ASAP" for Florin
Created "You’re not like us" for Anastasia
Created "Tarnafes" for Octaviana
Created repost #16 for Georgiana
Created repost #17 for Romanita
Created repost #18 for Alberta
Created repost #19 for Adelina
Created repost #20 for Geanina
Created repost #21 for Elena
Created repost #22 for Luca
Created repost #23 for Doina
Created repost #24 for Relu
Created repost #25 for Erica
Created repost #26 for Despina
Created repost #27 for Paula
Created repost #28 for Ileana
Created repost #29 for Teodora
Created repost #30 for Emanoil
Created repost #31 for Luana
Created repost #32 for Laurentiu
Created repost #33 for Georgian
Created repost #34 for Laurentiu
Created repost #35 for Ortansa
Created "Adrian Elicopter vs Selly. Who wins?" for Florea
Created "whats your eta?" for Steluta
Created "Cuvintele sunt de prisos" for Agripina
Created "Congratulations to the Astronauts that left Earth today. Good choice" for Tudor
Created "Eu sanatate multa am, si asta datorita ii, ca n-am baut si n-am fumat pana in clasa intai." for Mina
Created repost #41 for Ionut
Created repost #42 for Iurie
Created repost #43 for Marga
Created repost #44 for Flaviu
Created repost #45 for Ica
Created "Citeste asta fara sa vada si ceilalti si prefa-te ca e amuzant si te distrezi copios" for Raducu
Created "stream girls night by loossemble" for Georgiana
Created "did you know that theres a tunnel under ocean boulevard" for Anghelina
Created "N ai restanta,n ai prestanta verik!" for Adelaida
Created "Sometimes the silliest things happen and silly little tears begin to fall from my silly little eyes" for Vasile
Created repost #51 for Laurentiu
Created repost #52 for Antoniu
Created repost #53 for Stancu
Created repost #54 for Ana
Created repost #55 for Sever
Created repost #56 for Veta
Created repost #57 for Zaharia
Created repost #58 for Beatrice
Created repost #59 for Gratian
Created repost #60 for Augustina
"Sper sa iau licenta anul asta" - Post by Caius
Repost #6 by Lica
Repost #45 by Ica
"whats your eta?" - Post by Steluta
Repost #41 by Ionut
"Cuvintele sunt de prisos" - Post by Agripina
Repost #44 by Flaviu
Repost #54 by Ana
Repost #60 by Augustina
"CUMPAR TEMA LA MN, VA ROOOG dati mi mesaj in privat ASAP" - Post by Florin
Repost #17 by Romanita
Repost #32 by Laurentiu
Repost #19 by Adelina
Repost #58 by Beatrice
Repost #51 by Laurentiu
"Tarnafes" - Post by Octaviana
Repost #33 by Georgian
Repost #34 by Laurentiu
Repost #35 by Ortansa
