Created "Sper ca pot termina facultatea" for Fiodor
Created "Why does the Java developer wear glasses? He couldn’t C# :p" for Basarab
Created "Sper ca pot termina facultatea" for Roxana
Created "Away from 2 3 4 wonderful wonderful wonderful" for Sidonia
Created "Mergem inainte ca inainte era mai bine" for Rodica
Created "Exploding kittens" for Livia
Created "erm what the sigma" for George
Created "marriage is just preordering a milf" for Fabian
Created "whats your eta?" for Marga
Created "Stati ca Nokia inca face telefoane? Cu butoane? Sunt vreo 100-200 de lei. Am luat trei." for Teodosia
Created repost #11 for Constantin
Created repost #12 for Smaranda
Created repost #13 for Haralambie
Created repost #14 for Marcheta
Created repost #15 for Octavia
Created repost #16 for Benone
Created repost #17 for Tudor
Created repost #18 for Sanda
Created repost #19 for Marinela
Created repost #20 for Lucretiu
Created "Mergem inainte ca inainte era mai bine" for Miron
Created "Cine a fost primul? Gaina sau oul?" for Ada
Created "Am luat restanta la Ghiu, sigur si voi" for Ieremia
Created "Sometimes the silliest things happen and silly little tears begin to fall from my silly little eyes" for Tudor
Created "This bard, sir kendrick of lamar you speak of... he hath slain how many drakes, you say? with but the power of song?" for Pamfil
Created "Cine sapa groapa altuia departe ajunge" for Agripina
Created "FCSB e Steaua Travis Scott la hamsii in Costinesti!" for Marta
Created "Cine a fost primul? Gaina sau oul?" for Teea
Created "you thought i was feelin u?" for Nelu
Created "SIUUUUUUUUUUUU" for Arina
Created repost #31 for Bianca
Created repost #32 for Vasile
Created repost #33 for Letitia
Created repost #34 for Sanda
Created repost #35 for Dan
Created repost #36 for Georgel
Created repost #37 for Rafila
Created repost #38 for Tiberiu
Created repost #39 for Giorgiana
Created repost #40 for Tinca
Created repost #41 for Ludovica
Created repost #42 for Aristita
Created repost #43 for Alex
Created repost #44 for Mihail
Created repost #45 for Panait
Created repost #46 for Antonie
Created repost #47 for Barbu
Created repost #48 for Ivan
Created repost #49 for Antonela
Created repost #50 for Daria
Repost #41 by Ludovica
"Why does the Java developer wear glasses? He couldn’t C# :p" - Post by Basarab
Repost #31 by Bianca
"Away from 2 3 4 wonderful wonderful wonderful" - Post by Sidonia
Repost #19 by Marinela
Repost #33 by Letitia
Repost #39 by Giorgiana
Repost #47 by Barbu
"Mergem inainte ca inainte era mai bine" - Post by Rodica
"This bard, sir kendrick of lamar you speak of... he hath slain how many drakes, you say? with but the power of song?" - Post by Pamfil
Repost #38 by Tiberiu
"Cine a fost primul? Gaina sau oul?" - Post by Teea
Repost #42 by Aristita
Repost #45 by Panait
Created "La placinte la razboi, inainte inapoi" for Ilinca
Created "Congratulations to the Astronauts that left Earth today. Good choice" for Ina
Created "Cumpar tema 3 la SDA" for Petrisor
Created "erm what the sigma" for Mariuca
Created "Mor de foame, donati?" for Leontin
Created "Batman can’t even compare to Ryan Gosling" for Ieremia
Created "Cumpar tema 3 la SDA" for Vlaicu
Created "Ce faci? Bine...ascultam ploaia. Nu o auzi?" for Cedrin
Created "Sper ca pot termina facultatea" for Iacob
Created "Mor de foame, donati?" for Despina
Created repost #61 for Lorelei
Created repost #62 for Minodora
Created repost #63 for Haralambie
Created repost #64 for Cezar
Created repost #65 for Emil
Created repost #66 for Tincuta
Created repost #67 for Tudorita
Created repost #68 for Angel
Created repost #69 for Vincentiu
Created repost #70 for Anghel
Created repost #71 for Georgel
Created repost #72 for Tiberiu
Created repost #73 for Aura
Created repost #74 for Dana
Created repost #75 for Veta
Created repost #76 for Mirabela
Created repost #77 for Ortansa
Created repost #78 for Sabin
Created repost #79 for Iurie
Created repost #80 for Carmen
Created repost #81 for Nicusor
Created repost #82 for Iris
Created repost #83 for Zaraza
Created repost #84 for Theodor
Created repost #85 for Martin
Created repost #86 for Aneta
Created repost #87 for Marcu
Created repost #88 for Alexandra
Created repost #89 for Ica
Created repost #90 for Anghel
Created repost #91 for Radu
Created repost #92 for Pavel
Created repost #93 for Fiona
Created repost #94 for Madalina
Created repost #95 for Nicu
Created repost #96 for Jean
Created repost #97 for Stancu
Created repost #98 for Florin
Created repost #99 for Evanghelina
Created repost #100 for Filofteia
Created "Tarnafes" for Eliza
Created "Ati incercat sa ma bagati in orez? Poate asa imi revin" for Eric
Created "You’re not like us" for Geta
Created "Experienta de Content Warning in a nutshell: Ala e cumva Freddy Fazbear? Har har har ha- wtf is that...fugi Sebi, FUGI!!" for Caius
Created "Ati incercat sa ma bagati in orez? Poate asa imi revin" for Amelia
Created "erm what the sigma" for Andrian
Created "marriage is just preordering a milf" for Petruta
Created "Gigi Becali cumpara Dunarea Calarasi" for Elisaveta
Created "Batman can’t even compare to Ryan Gosling" for Anamaria
Created "Sper sa iau licenta anul asta" for Eugen
Created repost #111 for Emilian
Created repost #112 for Amza
Created repost #113 for Rica
Created repost #114 for Olga
Created repost #115 for Mihail
Created repost #116 for Dida
Created repost #117 for Malina
Created repost #118 for Dafina
Created repost #119 for Daniel
Created repost #120 for Lazar
